<?xml version="1.0" encoding="UTF-8"?>
<!-- Generated by org.testng.reporters.JUnitReportReporter -->
<testsuite skipped="0" hostname="LAPTOP-7COG7LUP" name="com.Hackatone.TestClasses.GetStudyChair" tests="1" failures="0" timestamp="2020-11-11T22:40:52 IST" time="27.569" errors="0">
  <testcase name="testForStudyChairs" time="27.569" classname="com.Hackatone.TestClasses.GetStudyChair"/>
  <system-out/>
</testsuite> <!-- com.Hackatone.TestClasses.GetStudyChair -->
